Tue Jul 29 17:11:46 2025
	L102@workers: Tue Jul 29 17:11:46 2025
	L417@workers: Tue Jul 29 17:11:46 2025
	L818@workers: Tue Jul 29 17:11:46 2025
	L1097@workers: Tue Jul 29 17:11:46 2025
	L320@jtag_mode: Tue Jul 29 17:11:46 2025
	L527@jtag_mode: Tue Jul 29 17:11:46 2025
	L555@jtag_mode: Tue Jul 29 17:11:46 2025
	L495@jtag_mode: Tue Jul 29 17:11:46 2025
	L244@ftd2xx: Tue Jul 29 17:11:46 2025
	L42@ftd2xx: IO_ERROR
Mon Sep 15 15:55:16 2025
	L102@workers: Mon Sep 15 15:55:16 2025
	L417@workers: Mon Sep 15 15:55:16 2025
	L818@workers: Mon Sep 15 15:55:16 2025
	L1462@workers: Mon Sep 15 15:55:16 2025
	L2360@jtag_mode: Mon Sep 15 15:55:16 2025
	L527@jtag_mode: Mon Sep 15 15:55:16 2025
	L555@jtag_mode: Mon Sep 15 15:55:16 2025
	L432@jtag_mode: Mon Sep 15 15:55:16 2025
	L244@ftd2xx: Mon Sep 15 15:55:16 2025
	L42@ftd2xx: IO_ERROR
Mon Sep 29 10:19:12 2025
	L102@workers: Mon Sep 29 10:19:12 2025
	L417@workers: Mon Sep 29 10:19:12 2025
	L818@workers: Mon Sep 29 10:19:12 2025
	L1462@workers: Mon Sep 29 10:19:12 2025
	L2396@jtag_mode: Mon Sep 29 10:19:12 2025
	L2504@jtag_mode: Mon Sep 29 10:19:12 2025
	L2539@jtag_mode: Mon Sep 29 10:19:12 2025
	L2522@jtag_mode: Mon Sep 29 10:19:12 2025
	L663@jtag_mode: Mon Sep 29 10:19:12 2025
	L585@jtag_mode: Mon Sep 29 10:19:12 2025
	L495@jtag_mode: Mon Sep 29 10:19:12 2025
	L244@ftd2xx: Mon Sep 29 10:19:12 2025
	L42@ftd2xx: IO_ERROR
